<?xml version="1.0" encoding="UTF-8"?>
<!-- Generated by org.testng.reporters.JUnitReportReporter -->
<testsuite hostname="DESKTOP-FQD6JN4" failures="0" tests="3" name="testNG.Test4" time="0.011" errors="0" timestamp="2021-03-29T21:46:51 EDT" skipped="0">
  <testcase classname="testNG.Test4" name="chats" time="0.009"/>
  <testcase classname="testNG.Test4" name="settings" time="0.001"/>
  <testcase classname="testNG.Test4" name="calls" time="0.001"/>
</testsuite> <!-- testNG.Test4 -->
