<?xml version="1.0" encoding="UTF-8"?>
<!-- Generated by org.testng.reporters.JUnitReportReporter -->
<testsuite hostname="DESKTOP-FQD6JN4" failures="0" tests="1" name="testNG.Tc1" time="4.884" errors="0" timestamp="2021-04-14T13:33:36 EDT" skipped="0">
  <testcase classname="testNG.Tc1" name="login" time="4.884"/>
</testsuite> <!-- testNG.Tc1 -->
