<?xml version="1.0" encoding="UTF-8"?>
<!-- Generated by org.testng.reporters.JUnitReportReporter -->
<testsuite hostname="DESKTOP-FQD6JN4" failures="0" tests="1" name="testNG.Test0" time="0.012" errors="0" timestamp="2023-03-04T23:09:49 EST" skipped="0">
  <testcase classname="testNG.Test0" name="demo" time="0.012"/>
</testsuite> <!-- testNG.Test0 -->
