<?xml version="1.0" encoding="UTF-8"?>
<!-- Generated by org.testng.reporters.JUnitReportReporter -->
<testsuite hostname="DESKTOP-FQD6JN4" failures="0" tests="1" name="testNG.Tc2" time="6.610" errors="0" timestamp="2023-03-04T22:41:28 EST" skipped="0">
  <testcase classname="testNG.Tc2" name="tc2" time="6.610"/>
</testsuite> <!-- testNG.Tc2 -->
