<?xml version="1.0" encoding="UTF-8"?>
<!-- Generated by org.testng.reporters.JUnitReportReporter -->
<testsuite hostname="DESKTOP-FQD6JN4" failures="0" tests="3" name="testNG.Test1" time="0.024" errors="0" timestamp="2021-03-29T20:00:42 EDT" skipped="0">
  <testcase classname="testNG.Test1" name="settings" time="0.020"/>
  <testcase classname="testNG.Test1" name="chats" time="0.002"/>
  <testcase classname="testNG.Test1" name="calls" time="0.002"/>
</testsuite> <!-- testNG.Test1 -->
