<?xml version="1.0" encoding="UTF-8"?>
<!-- Generated by org.testng.reporters.JUnitReportReporter -->
<testsuite hostname="DESKTOP-FQD6JN4" failures="0" tests="1" name="testNG.Test0" time="0.014" errors="0" timestamp="2021-03-29T20:00:17 EDT" skipped="0">
  <testcase classname="testNG.Test0" name="demo" time="0.014"/>
</testsuite> <!-- testNG.Test0 -->
