<?xml version="1.0" encoding="UTF-8"?>
<!-- Generated by org.testng.reporters.JUnitReportReporter -->
<testsuite hostname="DESKTOP-FQD6JN4" failures="0" tests="1" name="testNG.Tc1" time="6.240" errors="0" timestamp="2023-03-04T22:34:23 EST" skipped="0">
  <testcase classname="testNG.Tc1" name="login" time="6.240"/>
</testsuite> <!-- testNG.Tc1 -->
