<?xml version="1.0" encoding="UTF-8"?>
<!-- Generated by org.testng.reporters.JUnitReportReporter -->
<testsuite hostname="DESKTOP-FQD6JN4" failures="0" tests="1" name="testNG.Test3" time="13.575" errors="0" timestamp="2023-03-05T15:49:06 EST" skipped="0">
  <testcase classname="testNG.Test3" name="login" time="13.575"/>
</testsuite> <!-- testNG.Test3 -->
