<?xml version="1.0" encoding="UTF-8"?>
<!-- Generated by org.testng.reporters.JUnitReportReporter -->
<testsuite hostname="DESKTOP-FQD6JN4" failures="0" tests="5" name="testNG.Test2" time="0.016" errors="0" timestamp="2023-03-04T23:38:36 EST" skipped="1">
  <testcase classname="testNG.Test2" name="chats" time="0.001"/>
  <testcase classname="testNG.Test2" name="calls" time="0.001"/>
  <testcase classname="testNG.Test2" name="calls" time="0.002"/>
  <testcase classname="testNG.Test2" name="calls" time="0.012"/>
  <testcase classname="testNG.Test2" name="settings">
    <skipped/>
  </testcase> <!-- settings -->
</testsuite> <!-- testNG.Test2 -->
