<?xml version="1.0" encoding="UTF-8"?>
<!-- Generated by org.testng.reporters.JUnitReportReporter -->
<testsuite hostname="DESKTOP-FQD6JN4" failures="0" tests="1" name="testNG.Test5" time="13.914" errors="0" timestamp="2021-04-14T12:52:54 EDT" skipped="0">
  <testcase classname="testNG.Test5" name="login" time="13.914"/>
</testsuite> <!-- testNG.Test5 -->
