<?xml version="1.0" encoding="UTF-8"?>
<!-- Generated by org.testng.reporters.JUnitReportReporter -->
<testsuite hostname="DESKTOP-FQD6JN4" failures="0" tests="3" name="testNG.Test3" time="44.816" errors="0" timestamp="2021-02-18T18:00:18 EST" skipped="0">
  <testcase classname="testNG.Test3" name="login" time="15.768"/>
  <testcase classname="testNG.Test3" name="login" time="13.048"/>
  <testcase classname="testNG.Test3" name="login" time="16.000"/>
</testsuite> <!-- testNG.Test3 -->
